<?xml version="1.0" encoding="UTF-8"?>
<!-- Generated by org.testng.reporters.JUnitReportReporter -->
<testsuite skipped="0" hostname="DESKTOP-L545F58" name="tests.ReadSMS" tests="1" failures="0" timestamp="2020-05-24T11:40:39 IST" time="10.730" errors="0">
  <testcase name="readSMS" time="10.730" classname="tests.ReadSMS"/>
  <system-out/>
</testsuite> <!-- tests.ReadSMS -->
