<?xml version="1.0" encoding="UTF-8"?>
<!-- Generated by org.testng.reporters.JUnitReportReporter -->
<testsuite skipped="0" hostname="DESKTOP-L545F58" name="tests.Calculator" tests="1" failures="0" timestamp="2020-05-18T15:00:55 IST" time="17.136" errors="0">
  <testcase name="addition" time="17.136" classname="tests.Calculator"/>
  <system-out/>
</testsuite> <!-- tests.Calculator -->
